0 silly argv {
0 silly argv   _: [ 'create' ],
0 silly argv   lernaVersion: '4.0.0',
0 silly argv   '$0': '../../../.asdf/installs/nodejs/16.5.0/.npm/bin/lerna',
0 silly argv   name: '@okonomia/web',
0 silly argv   loc: 'web'
0 silly argv }
1 notice cli v4.0.0
2 verbose rootPath /Users/valtyr/Universe/Code/okonomia-monorepo
3 warn ENOREMOTE No git remote found, skipping repository property
4 error Error: canceled
4 error     at Interface.<anonymous> (/Users/valtyr/Universe/Code/okonomia-monorepo/node_modules/read/lib/read.js:66:13)
4 error     at Interface.emit (node:events:394:28)
4 error     at Interface._ttyWrite (node:readline:1081:16)
4 error     at ReadStream.onkeypress (node:readline:288:10)
4 error     at ReadStream.emit (node:events:394:28)
4 error     at emitKeys (node:internal/readline/utils:358:14)
4 error     at emitKeys.next (<anonymous>)
4 error     at ReadStream.onData (node:internal/readline/emitKeypressEvents:61:36)
4 error     at ReadStream.emit (node:events:394:28)
